<?xml version="1.0" encoding="UTF-8"?>
<!-- Generated by org.testng.reporters.JUnitXMLReporter -->
<testsuite ignored="0" hostname="hemadev" failures="0" tests="3" name="Default test" time="22.27" errors="0" timestamp="2024-05-09T06:10:12 CDT">
  <testcase classname="tests.LoginTest" name="TC01_verifyLoginErrorMessage1" time="1.82"/>
  <testcase classname="tests.LoginTest" name="TC02_loginWithValidCredentials" time="2.857"/>
  <testcase classname="tests.LoginTest" name="TC03_RememberUserName" time="14.09"/>
</testsuite> <!-- Default test -->
